<?xml version="1.0" encoding="UTF-8"?><testsuite errors="0" failures="0" name="Gorest api automation testing" skipped="0" tests="10" time="15.4" timestamp="2023-09-14 09:16:42"><testcase name="Create a new user with valid request body"/><testcase name="Create a new user with registered email"/><testcase name="Create a new user with invalid email"/><testcase name="Get user detail with valid user id"/><testcase name="Get user detail with special character &amp; string user id"/><testcase name="Update user with valid user id and request body"/><testcase name="Update user with valid user id and invalid request body"/><testcase name="Delete user with valid user id"/><testcase name="Delete user with not found user id"/></testsuite>